[14:16:43] [main/INFO]: Setting user: Player249
[14:16:43] [main/INFO]: (Session ID is token:0:Player249)
[14:16:44] [Client thread/INFO]: LWJGL Version: 2.9.1
[14:16:44] [Client thread/ERROR]: Couldn't initialize twitch stream
[14:16:44] [Client thread/INFO]: Reloading ResourceManager: Default
[14:16:45] [Sound Library Loader/INFO]: Sound engine started
[14:16:45] [Client thread/INFO]: Created: 512x256 textures/blocks-atlas
[14:16:46] [Client thread/INFO]: Created: 256x256 textures/items-atlas
[14:16:54] [Server thread/INFO]: Starting integrated minecraft server version 1.7.10
[14:16:54] [Server thread/INFO]: Generating keypair
[14:16:54] [Server thread/INFO]: Preparing start region for level 0
[14:16:55] [Server thread/INFO]: Changing view distance to 4, from 10
[14:16:55] [Server thread/INFO]: Player249[local:E:685cc450] logged in with entity id 12 at (510.22738629525725, 74.0, -596.2841763644328)
[14:16:55] [Server thread/INFO]: Player249 joined the game
[14:17:06] [Server thread/INFO]: Saving and pausing game...
[14:17:06] [Server thread/INFO]: Saving chunks for level 'mcpworld'/Overworld
[14:17:06] [Server thread/INFO]: Saving chunks for level 'mcpworld'/Nether
[14:17:06] [Server thread/INFO]: Saving chunks for level 'mcpworld'/The End
[14:17:38] [Server thread/INFO]: Saving and pausing game...
[14:17:38] [Server thread/INFO]: Saving chunks for level 'mcpworld'/Overworld
[14:17:38] [Server thread/INFO]: Saving chunks for level 'mcpworld'/Nether
[14:17:38] [Server thread/INFO]: Saving chunks for level 'mcpworld'/The End
[14:17:41] [Server thread/INFO]: Saving and pausing game...
[14:17:41] [Server thread/INFO]: Saving chunks for level 'mcpworld'/Overworld
[14:17:41] [Server thread/INFO]: Saving chunks for level 'mcpworld'/Nether
[14:17:41] [Server thread/INFO]: Saving chunks for level 'mcpworld'/The End
